<?xml version="1.0" encoding="UTF-8"?>
<!-- Generated by org.testng.reporters.JUnitReportReporter -->
<testsuite hostname="DESKTOP-1ILKPKO" failures="0" tests="1" name="secondPracticeSession.PopUp" time="6.456" errors="0" timestamp="2023-06-18T10:15:43 GMT-04:00" skipped="0">
  <testcase classname="secondPracticeSession.PopUp" name="pop" time="6.456"/>
  <system-out/>
</testsuite> <!-- secondPracticeSession.PopUp -->
