<?xml version="1.0" encoding="UTF-8"?>
<!-- Generated by org.testng.reporters.JUnitReportReporter -->
<testsuite hostname="DESKTOP-1ILKPKO" failures="0" tests="1" name="execution.SudarshanKriyaMain" time="5.454" errors="0" timestamp="2023-06-20T14:25:28 GMT-04:00" skipped="0">
  <testcase classname="execution.SudarshanKriyaMain" name="mm" time="5.454"/>
  <system-out/>
</testsuite> <!-- execution.SudarshanKriyaMain -->
